Using pre-set license
Built from '2020.3/release' branch; Version is '2020.3.12f1 (b3b2c6512326) revision 11776710'; Using compiler version '192528614'; Build Type 'Release'
OS: 'Windows 10 Pro; OS build 19043.1348; Version 2009; 64bit' Language: 'ja' Physical Memory: 4013 MB
BatchMode: 1, IsHumanControllingUs: 0, StartBugReporterOnCrash: 0, Is64bit: 1, IsPro: 0

 COMMAND LINE ARGUMENTS:
C:\Program Files\Unity\Hub\Editor\2020.3.12f1\Editor\Unity.exe
-adb2
-batchMode
-noUpm
-name
AssetImportWorker3
-projectPath
C:/Users/Owner/ZonbieShooting
-logFile
Logs/AssetImportWorker3.log
-srvPort
64442
Successfully changed project path to: C:/Users/Owner/ZonbieShooting
C:/Users/Owner/ZonbieShooting
Using Asset Import Pipeline V2.
Refreshing native plugins compatible for Editor in 181.82 ms, found 2 plugins.
Preloading 0 native plugins for Editor in 0.00 ms.
Initialize engine version: 2020.3.12f1 (b3b2c6512326)
[Subsystems] Discovering subsystems at path C:/Program Files/Unity/Hub/Editor/2020.3.12f1/Editor/Data/Resources/UnitySubsystems
[Subsystems] Discovering subsystems at path C:/Users/Owner/ZonbieShooting/Assets
GfxDevice: creating device client; threaded=0
Direct3D:
    Version:  Direct3D 11.0 [level 11.1]
    Renderer: Intel(R) HD Graphics 615 (ID=0x591e)
    Vendor:   
    VRAM:     2006 MB
    Driver:   27.20.100.8682
Initialize mono
Mono path[0] = 'C:/Program Files/Unity/Hub/Editor/2020.3.12f1/Editor/Data/Managed'
Mono path[1] = 'C:/Program Files/Unity/Hub/Editor/2020.3.12f1/Editor/Data/MonoBleedingEdge/lib/mono/unityjit'
Mono config path = 'C:/Program Files/Unity/Hub/Editor/2020.3.12f1/Editor/Data/MonoBleedingEdge/etc'
Using monoOptions --debugger-agent=transport=dt_socket,embedding=1,server=y,suspend=n,address=127.0.0.1:56520
Begin MonoManager ReloadAssembly
Registering precompiled unity dll's ...
Register platform support module: C:/Program Files/Unity/Hub/Editor/2020.3.12f1/Editor/Data/PlaybackEngines/WindowsStandaloneSupport/UnityEditor.WindowsStandalone.Extensions.dll
Registered in 0.011777 seconds.
Native extension for WindowsStandalone target not found
Refreshing native plugins compatible for Editor in 107.42 ms, found 2 plugins.
Preloading 0 native plugins for Editor in 0.00 ms.
Mono: successfully reloaded assembly
- Completed reload, in  7.051 seconds
Platform modules already initialized, skipping
Registering precompiled user dll's ...
Registered in 0.045096 seconds.
Begin MonoManager ReloadAssembly
Native extension for WindowsStandalone target not found
Refreshing native plugins compatible for Editor in 0.86 ms, found 2 plugins.
Preloading 0 native plugins for Editor in 0.00 ms.
Mono: successfully reloaded assembly
- Completed reload, in  3.308 seconds
Platform modules already initialized, skipping
========================================================================
Worker process is ready to serve import requests
Launched and connected shader compiler UnityShaderCompiler.exe after 0.15 seconds
Refreshing native plugins compatible for Editor in 1.33 ms, found 2 plugins.
Preloading 0 native plugins for Editor in 0.00 ms.
Unloading 1408 Unused Serialized files (Serialized files now loaded: 0)
System memory in use before: 82.6 MB.
System memory in use after: 82.7 MB.

Unloading 22 unused Assets to reduce memory usage. Loaded Objects now: 1863.
Total: 13.939500 ms (FindLiveObjects: 1.670800 ms CreateObjectMapping: 0.293100 ms MarkObjects: 10.757600 ms  DeleteObjects: 1.215000 ms)

AssetImportParameters requested are different than current active one (requested -> active):
  custom:framework-win-MediaFoundation: 216162199b28c13a410421893ffa2e32 -> 
  custom:video-decoder-ogg-theora: a1e56fd34408186e4bbccfd4996cb3dc -> 
  custom:container-muxer-webm: aa71ff27fc2769a1b78a27578f13a17b -> 
  custom:container-demuxer-webm: 4f35f7cbe854078d1ac9338744f61a02 -> 
  custom:container-demuxer-ogg: 62fdf1f143b41e24485cea50d1cbac27 -> 
  custom:video-encoder-webm-vp8: eb34c28f22e8b96e1ab97ce403110664 -> 
  custom:video-codec-MediaFoundation-h265: 746d11721c4dcdbdad8f713fa42b33f4 -> 
  custom:video-decoder-webm-vp8: 9c59270c3fd7afecdb556c50c9e8de78 -> 
  custom:audio-decoder-ogg-vorbis: bf7c407c2cedff20999df2af8eb42d56 -> 
  custom:audio-encoder-webm-vorbis: bf7c407c2cedff20999df2af8eb42d56 -> 
========================================================================
Received Import Request.
  path: Assets/_TerrainAutoUpgrade/layer_GrassMeadow_NRMd629937fa86e7106.terrainlayer
  artifactKey: Guid(2b45ca9503d4e0847a6a4b302784b620) Importer(815301076,1909f56bfc062723c751e8b465ee728b)
Start importing Assets/_TerrainAutoUpgrade/layer_GrassMeadow_NRMd629937fa86e7106.terrainlayer using Guid(2b45ca9503d4e0847a6a4b302784b620) Importer(815301076,1909f56bfc062723c751e8b465ee728b)  -> (artifact id: '2164a7557963fb0f9dae97b3a5684ac2') in 0.295848 seconds 
  Import took 0.307945 seconds .

========================================================================
Received Import Request.
  Time since last request: 3.947277 seconds.
  path: Assets/Main/NavMesh.asset
  artifactKey: Guid(bf45e0e986d6b7349a85ce4615ac5642) Importer(815301076,1909f56bfc062723c751e8b465ee728b)
Start importing Assets/Main/NavMesh.asset using Guid(bf45e0e986d6b7349a85ce4615ac5642) Importer(815301076,1909f56bfc062723c751e8b465ee728b)  -> (artifact id: '727a9e0bebd7260afd3e29510de23503') in 0.054651 seconds 
  Import took 0.069810 seconds .

========================================================================
Received Import Request.
  Time since last request: 4.523837 seconds.
  path: Assets/Ultra Skybox Fog/DemoTerrain.asset
  artifactKey: Guid(62b6ac7df161f604b89e1e2ff087190e) Importer(815301076,1909f56bfc062723c751e8b465ee728b)
Start importing Assets/Ultra Skybox Fog/DemoTerrain.asset using Guid(62b6ac7df161f604b89e1e2ff087190e) Importer(815301076,1909f56bfc062723c751e8b465ee728b) Received signal SIGSEGV
Stack trace:
0x00007ff7e145ff1a (Unity) CreateAssetToGUIDMappingV2
0x00007ff7e13c2d10 (Unity) AssetDatabase::CreateAssetToGUIDMapping
0x00007ff7e01cfa05 (Unity) SplatDatabase::CreateTerrainLayerAsset
0x00007ff7e01ce6c0 (Unity) SplatDatabase::ConvertSplatsToTerrainLayers
0x00007ff7e01cb66c (Unity) SplatDatabase::AwakeFromLoad
0x00007ff7e02161d6 (Unity) TerrainData::AwakeFromLoad
0x00007ff7dfd859ff (Unity) AwakeFromLoadQueue::InvokePersistentManagerAwake
0x00007ff7dfd86352 (Unity) AwakeFromLoadQueue::PersistentManagerAwakeFromLoad
0x00007ff7dfd864da (Unity) AwakeFromLoadQueue::PersistentManagerAwakeFromLoad
0x00007ff7dfd11c3e (Unity) PersistentManager::IntegrateAllThreadedObjects
0x00007ff7dfd12657 (Unity) PersistentManager::LoadAndIntegrateAllPreallocatedObjects
0x00007ff7dfd15ba3 (Unity) PersistentManager::ReadObject
0x00007ff7e13bb5c1 (Unity) WritePreviews
0x00007ff7e13b547e (Unity) PreviewImporter::GenerateAssetData
0x00007ff7e14a52e9 (Unity) ImportToObjects
0x00007ff7e14a4328 (Unity) ImportAsset
0x00007ff7e1406108 (Unity) AssetImportWorker::Import
0x00007ff7e1459fef (Unity) <lambda_e7e5f5e49556456463706cfa5dd72d0a>::operator()
0x00007ff7e14fd592 (Unity) asio::detail::completion_handler<core::mutable_function<void __cdecl(void)> >::do_complete
0x00007ff7e14ff6f0 (Unity) asio::detail::win_iocp_io_service::do_one
0x00007ff7e1502e7e (Unity) asio::io_service::run
0x00007ff7e148627b (Unity) RunAssetImportWorkerClientV2
0x00007ff7e14862d0 (Unity) RunAssetImporterV2
0x00007ff7e0974df6 (Unity) Application::InitializeProject
0x00007ff7e12fa7e2 (Unity) WinMain
0x00007ff7e314ae86 (Unity) __scrt_common_main_seh
0x00007fffc09c7034 (KERNEL32) BaseThreadInitThunk
0x00007fffc0b02651 (ntdll) RtlUserThreadStart

